<?xml version="1.0" encoding="UTF-8"?>
<testng-results ignored="0" total="1" passed="1" failed="0" skipped="0">
  <reporter-output>
  </reporter-output>
  <suite started-at="2025-06-01T20:10:51Z" name="Default suite" finished-at="2025-06-01T20:11:54Z" duration-ms="63422">
    <groups>
    </groups>
    <test started-at="2025-06-01T20:10:51Z" name="Default test" finished-at="2025-06-01T20:11:54Z" duration-ms="63422">
      <class name="com.myntra.MyntraSignUpTest">
        <test-method is-config="true" signature="setUp()[pri:0, instance:com.myntra.MyntraSignUpTest@21ba0741]" started-at="2025-06-01T15:10:51Z" name="setUp" finished-at="2025-06-01T15:11:01Z" duration-ms="10207" status="PASS">
          <reporter-output>
          </reporter-output>
        </test-method> <!-- setUp -->
        <test-method is-config="true" signature="openBrowse()[pri:0, instance:com.myntra.MyntraSignUpTest@21ba0741]" started-at="2025-06-01T15:11:01Z" name="openBrowse" finished-at="2025-06-01T15:11:01Z" duration-ms="36" status="PASS">
          <reporter-output>
          </reporter-output>
        </test-method> <!-- openBrowse -->
        <test-method signature="signUpCheck()[pri:0, instance:com.myntra.MyntraSignUpTest@21ba0741]" started-at="2025-06-01T15:11:01Z" name="signUpCheck" finished-at="2025-06-01T15:11:53Z" duration-ms="51893" status="PASS">
          <reporter-output>
          </reporter-output>
        </test-method> <!-- signUpCheck -->
        <test-method is-config="true" signature="tearDown()[pri:0, instance:com.myntra.MyntraSignUpTest@21ba0741]" started-at="2025-06-01T15:11:53Z" name="tearDown" finished-at="2025-06-01T15:11:54Z" duration-ms="1247" status="PASS">
          <reporter-output>
          </reporter-output>
        </test-method> <!-- tearDown -->
      </class> <!-- com.myntra.MyntraSignUpTest -->
    </test> <!-- Default test -->
  </suite> <!-- Default suite -->
</testng-results>
