<?xml version="1.0" encoding="UTF-8"?>
<testng-results ignored="0" total="1" passed="1" failed="0" skipped="0">
  <reporter-output>
  </reporter-output>
  <suite started-at="2025-06-02T20:29:18Z" name="Default suite" finished-at="2025-06-02T20:29:39Z" duration-ms="20750">
    <groups>
    </groups>
    <test started-at="2025-06-02T20:29:18Z" name="Default test" finished-at="2025-06-02T20:29:39Z" duration-ms="20750">
      <class name="com.myntra.MyntraAddToCartTest">
        <test-method is-config="true" signature="openBrowse()[pri:0, instance:com.myntra.MyntraAddToCartTest@21ba0741]" started-at="2025-06-02T15:29:18Z" name="openBrowse" finished-at="2025-06-02T15:29:30Z" duration-ms="11576" status="PASS">
          <reporter-output>
          </reporter-output>
        </test-method> <!-- openBrowse -->
        <test-method signature="validateSearch()[pri:0, instance:com.myntra.MyntraAddToCartTest@21ba0741]" started-at="2025-06-02T15:29:30Z" name="validateSearch" finished-at="2025-06-02T15:29:39Z" duration-ms="9151" status="PASS">
          <reporter-output>
          </reporter-output>
        </test-method> <!-- validateSearch -->
      </class> <!-- com.myntra.MyntraAddToCartTest -->
    </test> <!-- Default test -->
  </suite> <!-- Default suite -->
</testng-results>
